<?xml version="1.0" encoding="UTF-8"?>
<!-- Generated by org.testng.reporters.JUnitReportReporter -->
<testsuite skipped="0" hostname="INFOVITY_LT_059" name="driverscript.DriverClass" tests="4" failures="0" timestamp="08 Aug 2019 04:46:29 GMT" time="21.073" errors="0">
  <testcase name="Firefox" time="0.032" classname="driverscript.DriverClass"/>
  <testcase name="Safari" time="0.040" classname="driverscript.DriverClass"/>
  <testcase name="Chrome" time="20.970" classname="driverscript.DriverClass"/>
  <testcase name="IE" time="0.031" classname="driverscript.DriverClass"/>
</testsuite> <!-- driverscript.DriverClass -->
