<?xml version="1.0" encoding="UTF-8"?>
<!-- Generated by org.testng.reporters.JUnitReportReporter -->
<testsuite skipped="0" hostname="INFOVITY-LT-187" name="driverscript.DClass" tests="4" failures="0" timestamp="24 Dec 2019 06:12:13 GMT" time="133.707" errors="0">
  <testcase name="Chrome" time="133.609" classname="driverscript.DClass"/>
  <testcase name="IE" time="0.036" classname="driverscript.DClass"/>
  <testcase name="Firefox" time="0.029" classname="driverscript.DClass"/>
  <testcase name="Safari" time="0.033" classname="driverscript.DClass"/>
</testsuite> <!-- driverscript.DClass -->
